TN:
SF:src/UniswapV2Factory.sol
FN:22,UniswapV2Factory.createPair
FNDA:20,UniswapV2Factory.createPair
DA:26,20
BRDA:26,0,0,1
BRDA:26,0,1,19
DA:28,19
DA:32,19
BRDA:32,1,0,2
BRDA:32,1,1,17
DA:34,17
BRDA:34,2,0,1
BRDA:34,2,1,16
DA:36,16
DA:37,16
DA:39,16
DA:42,16
DA:44,16
DA:45,16
DA:46,16
DA:48,16
FNF:1
FNH:1
LF:12
LH:12
BRF:6
BRH:6
end_of_record
TN:
SF:src/UniswapV2Library.sol
FN:13,UniswapV2Library.getReserves
FNDA:15,UniswapV2Library.getReserves
DA:18,25
DA:19,25
DA:22,25
FN:27,UniswapV2Library.quote
FNDA:9,UniswapV2Library.quote
DA:32,9
BRDA:32,0,0,-
BRDA:32,0,1,9
DA:33,9
BRDA:33,1,0,-
BRDA:33,1,1,9
DA:35,9
FN:38,UniswapV2Library.sortTokens
FNDA:78,UniswapV2Library.sortTokens
DA:42,78
FN:45,UniswapV2Library.pairFor
FNDA:49,UniswapV2Library.pairFor
DA:50,49
DA:51,49
FN:67,UniswapV2Library.getAmountOut
FNDA:4,UniswapV2Library.getAmountOut
DA:72,9
BRDA:72,2,0,1
BRDA:72,2,1,8
DA:73,8
BRDA:73,3,0,2
BRDA:73,3,1,6
DA:75,6
DA:76,6
DA:77,6
DA:79,6
FN:82,UniswapV2Library.getAmountsOut
FNDA:3,UniswapV2Library.getAmountsOut
DA:87,3
BRDA:87,4,0,1
BRDA:87,4,1,2
DA:88,2
DA:89,2
DA:91,2
DA:92,5
DA:97,5
DA:100,2
FN:103,UniswapV2Library.getAmountIn
FNDA:4,UniswapV2Library.getAmountIn
DA:108,9
BRDA:108,5,0,1
BRDA:108,5,1,8
DA:109,8
BRDA:109,6,0,2
BRDA:109,6,1,6
DA:111,6
DA:112,6
DA:114,6
FN:117,UniswapV2Library.getAmountsIn
FNDA:3,UniswapV2Library.getAmountsIn
DA:122,3
BRDA:122,7,0,1
BRDA:122,7,1,2
DA:123,2
DA:124,2
DA:126,2
DA:127,5
DA:132,5
DA:135,2
FNF:8
FNH:8
LF:34
LH:34
BRF:16
BRH:14
end_of_record
TN:
SF:src/UniswapV2Pair.sol
FN:68,UniswapV2Pair.initialize
FNDA:16,UniswapV2Pair.initialize
DA:69,16
BRDA:69,0,0,-
BRDA:69,0,1,16
DA:70,0
DA:72,16
DA:73,16
FN:76,UniswapV2Pair.mint
FNDA:48,UniswapV2Pair.mint
DA:77,48
DA:78,48
DA:79,48
DA:80,48
DA:81,48
DA:83,48
BRDA:83,1,0,41
BRDA:83,1,1,7
DA:84,41
DA:85,40
DA:87,7
DA:93,47
BRDA:93,2,0,1
BRDA:93,2,1,46
DA:95,46
DA:97,46
DA:99,46
FN:102,UniswapV2Pair.burn
FNDA:10,UniswapV2Pair.burn
DA:105,10
DA:106,10
DA:107,10
DA:109,10
DA:110,9
DA:112,9
BRDA:112,3,0,1
BRDA:112,3,1,8
DA:114,8
DA:116,8
DA:117,8
DA:119,8
DA:120,8
DA:122,8
DA:123,8
DA:125,8
FN:128,UniswapV2Pair.swap
FNDA:14,UniswapV2Pair.swap
DA:134,14
BRDA:134,4,0,1
BRDA:134,4,1,13
DA:135,1
DA:137,13
DA:139,13
BRDA:139,5,0,2
BRDA:139,5,1,11
DA:140,2
DA:142,11
BRDA:142,6,0,4
BRDA:142,6,1,11
DA:143,11
BRDA:143,7,0,8
BRDA:143,7,1,11
DA:144,11
BRDA:144,8,0,-
BRDA:144,8,1,1
DA:145,1
DA:152,11
DA:153,11
DA:155,11
DA:158,11
DA:162,11
BRDA:162,9,0,-
BRDA:162,9,1,11
DA:165,11
DA:166,11
DA:169,11
BRDA:168,10,0,2
BRDA:168,10,1,9
DA:171,2
DA:173,9
DA:175,9
FN:178,UniswapV2Pair.sync
FNDA:7,UniswapV2Pair.sync
DA:179,7
DA:180,7
FN:188,UniswapV2Pair.getReserves
FNDA:48,UniswapV2Pair.getReserves
DA:189,124
FN:199,UniswapV2Pair._update
FNDA:70,UniswapV2Pair._update
DA:205,70
BRDA:205,11,0,-
BRDA:205,11,1,70
DA:206,0
DA:209,70
DA:211,70
BRDA:211,12,0,7
BRDA:211,12,1,70
DA:212,7
DA:215,7
DA:221,70
DA:222,70
DA:223,70
DA:225,70
FN:228,UniswapV2Pair._safeTransfer
FNDA:28,UniswapV2Pair._safeTransfer
DA:229,28
DA:232,28
BRDA:232,13,0,-
BRDA:232,13,1,28
DA:233,0
FNF:8
FNH:8
LF:67
LH:64
BRF:28
BRH:23
end_of_record
TN:
SF:src/UniswapV2Router.sol
FN:21,UniswapV2Router.addLiquidity
FNDA:14,UniswapV2Router.addLiquidity
DA:30,14
BRDA:30,0,0,-
BRDA:30,0,1,10
DA:31,10
DA:34,14
DA:42,12
DA:47,12
DA:48,12
DA:49,12
FN:52,UniswapV2Router.removeLiquidity
FNDA:4,UniswapV2Router.removeLiquidity
DA:60,4
DA:65,4
DA:66,4
DA:67,4
BRDA:67,1,0,1
BRDA:67,1,1,3
DA:68,3
BRDA:68,2,0,1
BRDA:68,2,1,2
FN:71,UniswapV2Router.swapExactTokensForTokens
FNDA:1,UniswapV2Router.swapExactTokensForTokens
DA:77,1
DA:82,1
BRDA:82,3,0,-
BRDA:82,3,1,1
DA:83,0
DA:84,1
DA:90,1
FN:93,UniswapV2Router.swapTokensForExactTokens
FNDA:1,UniswapV2Router.swapTokensForExactTokens
DA:99,1
DA:104,1
BRDA:104,4,0,-
BRDA:104,4,1,1
DA:105,0
DA:106,1
DA:112,1
FN:122,UniswapV2Router._swap
FNDA:2,UniswapV2Router._swap
DA:127,2
DA:128,4
DA:129,4
DA:130,4
DA:131,4
DA:134,4
DA:141,4
FN:147,UniswapV2Router._calculateLiquidity
FNDA:14,UniswapV2Router._calculateLiquidity
DA:155,14
DA:161,14
BRDA:161,5,0,10
BRDA:161,5,1,4
DA:162,10
DA:164,4
DA:169,4
BRDA:169,6,0,1
BRDA:169,6,1,1
DA:170,2
BRDA:170,7,0,1
BRDA:170,7,1,1
DA:171,1
DA:173,2
DA:178,2
BRDA:178,8,0,-
BRDA:178,8,1,2
DA:180,2
BRDA:180,9,0,1
BRDA:180,9,1,1
DA:181,1
FN:186,UniswapV2Router._safeTransferFrom
FNDA:26,UniswapV2Router._safeTransferFrom
DA:192,26
DA:200,26
BRDA:200,10,0,-
BRDA:200,10,1,26
DA:201,0
FNF:7
FNH:7
LF:43
LH:40
BRF:22
BRH:17
end_of_record
TN:
SF:src/libraries/Math.sol
FN:5,Math.min
FNDA:7,Math.min
DA:6,7
FN:10,Math.sqrt
FNDA:41,Math.sqrt
DA:11,41
BRDA:11,0,0,2554
BRDA:11,0,1,40
DA:12,40
DA:13,40
DA:14,2594
DA:15,2554
DA:16,2554
DA:18,1
BRDA:18,1,0,-
BRDA:18,1,1,1
DA:19,0
FNF:2
FNH:2
LF:9
LH:8
BRF:4
BRH:3
end_of_record
TN:
SF:src/libraries/UQ112x112.sol
FN:7,UQ112x112.encode
FNDA:0,UQ112x112.encode
DA:8,0
FN:11,UQ112x112.uqdiv
FNDA:0,UQ112x112.uqdiv
DA:12,0
FNF:2
FNH:0
LF:2
LH:0
BRF:0
BRH:0
end_of_record
TN:
SF:test/UniswapV2Pair.t.sol
FN:498,TestUser.provideLiquidity
FNDA:1,TestUser.provideLiquidity
DA:505,1
DA:506,1
DA:508,1
FN:511,TestUser.removeLiquidity
FNDA:1,TestUser.removeLiquidity
DA:512,1
DA:513,1
DA:514,1
FN:523,Flashloaner.flashloan
FNDA:1,Flashloaner.flashloan
DA:529,1
BRDA:529,0,0,-
BRDA:529,0,1,1
DA:530,0
DA:532,1
BRDA:532,1,0,1
BRDA:532,1,1,1
DA:533,1
DA:536,1
FN:544,Flashloaner.uniswapV2Call
FNDA:1,Flashloaner.uniswapV2Call
DA:550,1
DA:551,1
DA:553,1
BRDA:553,2,0,-
BRDA:553,2,1,1
DA:555,1
FNF:4
FNH:4
LF:15
LH:14
BRF:6
BRH:4
end_of_record
TN:
SF:test/mocks/MintERC20.sol
FN:12,MintERC20.mint
FNDA:0,MintERC20.mint
DA:13,0
FNF:1
FNH:0
LF:1
LH:0
BRF:0
BRH:0
end_of_record
